app/build/outputs/mapping/release/seeds.txt
com.snlimadev.basicsocialmedia.LauncherActivity: LauncherActivity()
com.snlimadev.basicsocialmedia.DelegationService: DelegationService()
com.snlimadev.basicsocialmedia.LauncherActivity
com.snlimadev.basicsocialmedia.DelegationService
com.snlimadev.basicsocialmedia.Application: Application()
com.snlimadev.basicsocialmedia.Application
...
androidx.lifecycle.Lifecycle$Event: androidx.lifecycle.Lifecycle$Event ON_CREATE
androidx.core.content.FileProvider
com.google.androidbrowserhelper.trusted.ManageDataLauncherActivity: ManageDataLauncherActivity()
androidx.lifecycle.Lifecycle$Event: androidx.lifecycle.Lifecycle$Event ON_START
androidx.loader.app.LoaderManagerImpl$LoaderViewModel
com.google.androidbrowserhelper.locationdelegation.PermissionRequestActivity
androidx.lifecycle.ReflectiveGenericLifecycleObserver
android.support.v4.graphics.drawable.IconCompatParcelizer: androidx.core.graphics.drawable.IconCompat read(androidx.versionedparcelable.VersionedParcel)
androidx.lifecycle.Lifecycle$Event: androidx.lifecycle.Lifecycle$Event ON_ANY
androidx.core.app.CoreComponentFactory
androidx.core.app.RemoteActionCompat: RemoteActionCompat()
androidx.lifecycle.Lifecycle$Event: androidx.lifecycle.Lifecycle$Event[] values()
androidx.core.app.RemoteActionCompatParcelizer: androidx.core.app.RemoteActionCompat read(androidx.versionedparcelable.VersionedParcel)
com.google.android.gms.common.internal.zav: android.os.Parcelable$Creator CREATOR
com.google.android.gms.common.api.Scope: android.os.Parcelable$Creator CREATOR
com.google.android.gms.common.util.DynamiteApi
com.google.android.gms.internal.location.zzd: android.os.Parcelable$Creator CREATOR
com.google.android.gms.internal.location.zzdd: android.os.Parcelable$Creator CREATOR
com.google.android.gms.common.internal.MethodInvocation: android.os.Parcelable$Creator CREATOR
com.google.androidbrowserhelper.trusted.FocusActivity: FocusActivity()
androidx.core.graphics.drawable.IconCompatParcelizer: IconCompatParcelizer()
com.google.android.gms.internal.location.zzdf: android.os.Parcelable$Creator CREATOR
androidx.core.app.RemoteActionCompat
com.google.android.gms.location.zzac: android.os.Parcelable$Creator CREATOR
com.google.android.gms.common.annotation.KeepName
com.google.android.gms.common.internal.RootTelemetryConfiguration: android.os.Parcelable$Creator CREATOR
com.google.android.gms.common.internal.zzj: android.os.Parcelable$Creator CREATOR
androidx.annotation.Keep
com.google.androidbrowserhelper.trusted.LauncherActivity: LauncherActivity()
com.google.android.gms.auth.api.signin.GoogleSignInAccount: android.os.Parcelable$Creator CREATOR
androidx.loader.app.LoaderManagerImpl$LoaderViewModel: LoaderManagerImpl$LoaderViewModel()
com.google.android.gms.location.LocationAvailability: android.os.Parcelable$Creator CREATOR
androidx.lifecycle.ViewModel: ViewModel()
android.support.v4.app.RemoteActionCompatParcelizer: void write(androidx.core.app.RemoteActionCompat,androidx.versionedparcelable.VersionedParcel)
com.google.androidbrowserhelper.trusted.DelegationService: DelegationService()
androidx.fragment.app.BackStackState: android.os.Parcelable$Creator CREATOR
android.support.v4.graphics.drawable.IconCompatParcelizer: void write(androidx.core.graphics.drawable.IconCompat,androidx.versionedparcelable.VersionedParcel)
com.google.android.gms.common.internal.zat: android.os.Parcelable$Creator CREATOR
androidx.fragment.app.FragmentManagerState: android.os.Parcelable$Creator CREATOR
com.google.androidbrowserhelper.trusted.ManageDataLauncherActivity
androidx.core.app.CoreComponentFactory: CoreComponentFactory()
androidx.core.app.RemoteActionCompatParcelizer: RemoteActionCompatParcelizer()
androidx.lifecycle.Lifecycle$State: androidx.lifecycle.Lifecycle$State valueOf(java.lang.String)
com.google.android.gms.internal.location.zzdb: android.os.Parcelable$Creator CREATOR
androidx.core.graphics.drawable.IconCompat
androidx.browser.browseractions.BrowserActionsFallbackMenuView: BrowserActionsFallbackMenuView(android.content.Context,android.util.AttributeSet)
com.google.android.gms.common.api.GoogleApiActivity
com.google.android.gms.common.internal.ReflectedParcelable
androidx.core.graphics.drawable.IconCompatParcelizer: androidx.core.graphics.drawable.IconCompat read(androidx.versionedparcelable.VersionedParcel)