app/build/outputs/mapping/release/mapping.txt
# compiler: R8
# compiler_version: 2.1.86
# min_api: 19
# pg_map_id: cd6e339
# common_typos_disable
com.snlimadev.basicsocialmedia.LauncherActivity -> com.snlimadev.basicsocialmedia.LauncherActivity:
    android.net.Uri getLaunchingUrl() -> g
...
com.google.android.gms.common.internal.zzag -> com.google.android.gms.common.internal.r0:
    java.lang.Object zza -> a
    boolean zzb -> b
    int zzd -> c
    int zza(android.content.Context) -> a
    void zzc(android.content.Context) -> b
com.google.android.gms.common.internal.zzah -> com.google.android.gms.common.internal.s0:
com.google.android.gms.common.internal.zzai -> com.google.android.gms.common.internal.t0:
com.google.android.gms.common.internal.zzb -> com.google.android.gms.common.internal.u0:
    com.google.android.gms.common.internal.BaseGmsClient zza -> a
    void zza(android.os.Message) -> a
    boolean zzb(android.os.Message) -> b
com.google.android.gms.common.internal.zzc -> com.google.android.gms.common.internal.v0:
    java.lang.Object zza -> a
    boolean zzb -> b
    com.google.android.gms.common.internal.BaseGmsClient zzd -> c
    void zza(java.lang.Object) -> a
    void zzc() -> b
    void zze() -> c
    void zzf() -> d
    void zzg() -> e
com.google.android.gms.common.internal.zzd -> com.google.android.gms.common.internal.w0:
    com.google.android.gms.common.internal.BaseGmsClient zza -> a
    int zzb -> b
    void onPostInitComplete(int,android.os.IBinder,android.os.Bundle) -> N
    void zzb(int,android.os.Bundle) -> t
    void zzc(int,android.os.IBinder,com.google.android.gms.common.internal.zzj) -> v
com.google.android.gms.common.internal.zze -> com.google.android.gms.common.internal.x0:
    com.google.android.gms.common.internal.BaseGmsClient zza -> b
    int zzb -> a
com.google.android.gms.common.internal.zzf -> com.google.android.gms.common.internal.y0:
    android.os.IBinder zze -> g
    com.google.android.gms.common.internal.BaseGmsClient zzf -> h
    void zzb(com.google.android.gms.common.ConnectionResult) -> f
    boolean zzd() -> g
com.google.android.gms.common.internal.zzg -> com.google.android.gms.common.internal.z0:
    com.google.android.gms.common.internal.BaseGmsClient zze -> g
    void zzb(com.google.android.gms.common.ConnectionResult) -> f
    boolean zzd() -> g
com.google.android.gms.common.internal.zzj -> com.google.android.gms.common.internal.a1:
    com.google.android.gms.common.Feature[] zzb -> b
    android.os.Bundle zza -> a
    com.google.android.gms.common.internal.ConnectionTelemetryConfiguration zzd -> d
    int zzc -> c
com.google.android.gms.common.internal.zzk -> com.google.android.gms.common.internal.b1:
com.google.android.gms.common.internal.zzl -> com.google.android.gms.common.internal.c1:
com.google.android.gms.common.internal.zzm -> com.google.android.gms.common.internal.d1:
    void zza(com.google.android.gms.common.internal.GetServiceRequest,android.os.Parcel,int) -> a
com.google.android.gms.common.internal.zzn -> com.google.android.gms.common.internal.e1:
    android.net.Uri zza -> f
    android.content.ComponentName zzd -> c
    boolean zzf -> e
    java.lang.String zzb -> a
    int zze -> d
    java.lang.String zzc -> b
    int zza() -> a
    android.content.ComponentName zzb() -> b
    android.content.Intent zzc(android.content.Context) -> c
    java.lang.String zzd() -> d
com.google.android.gms.common.internal.zzo -> com.google.android.gms.common.internal.f1:
    java.util.Map zzb -> a
    android.os.IBinder zze -> d
    com.google.android.gms.common.internal.zzn zzf -> e
    int zzc -> b
    android.content.ComponentName zzg -> f
    boolean zzd -> c
    com.google.android.gms.common.internal.zzr zza -> g
    int zza() -> a
    android.content.ComponentName zzb() -> b
    android.os.IBinder zzc() -> c
    void zzd(android.content.ServiceConnection,android.content.ServiceConnection,java.lang.String) -> d
    void zze(java.lang.String,java.util.concurrent.Executor) -> e
    void zzf(android.content.ServiceConnection,java.lang.String) -> f
    void zzg(java.lang.String) -> g
    boolean zzh(android.content.ServiceConnection) -> h
    boolean zzi() -> i
    boolean zzj() -> j