app/build/outputs/mapping/release/usage.txt
com.snlimadev.basicsocialmedia.R$styleable
com.snlimadev.basicsocialmedia.R$raw
com.snlimadev.basicsocialmedia.R$attr
com.snlimadev.basicsocialmedia.R$style
com.snlimadev.basicsocialmedia.R
com.snlimadev.basicsocialmedia.BuildConfig
com.snlimadev.basicsocialmedia.R$string
com.snlimadev.basicsocialmedia.R$layout
com.snlimadev.basicsocialmedia.R$drawable
com.snlimadev.basicsocialmedia.R$id
com.snlimadev.basicsocialmedia.R$bool
com.snlimadev.basicsocialmedia.R$dimen
com.snlimadev.basicsocialmedia.R$integer
com.snlimadev.basicsocialmedia.R$color
com.snlimadev.basicsocialmedia.R$mipmap
com.snlimadev.basicsocialmedia.R$xml
...
androidx.core.provider.FontRequest
androidx.fragment.app.FragmentTabHost$DummyTabFactory
com.google.android.gms.location.zzah
com.google.android.gms.common.images.WebImage
com.google.android.gms.common.moduleinstall.InstallStatusListener
androidx.fragment.R$id
androidx.core.graphics.TypefaceCompatApi28Impl
com.google.android.gms.internal.location.zzv
com.google.android.gms.common.providers.PooledExecutorsProvider$PooledExecutorFactory
com.google.android.gms.common.internal.IGmsServiceBroker$Stub
com.google.android.gms.location.LocationSettingsRequest$Builder
com.google.android.gms.common.util.MapUtils
com.google.android.gms.location.Granularity
androidx.core.view.OnApplyWindowInsetsListener
androidx.core.content.pm.PermissionInfoCompat$ProtectionFlags
com.google.android.gms.dynamite.zzg
com.google.android.gms.location.SleepSegmentEvent
com.google.androidbrowserhelper.trusted.splashscreens.PwaWrapperSplashScreenStrategy:
    private static final java.lang.String TAG
androidx.loader.app.LoaderManagerImpl$LoaderInfo:
    void <init>(int,android.os.Bundle,androidx.loader.content.Loader,androidx.loader.content.Loader)
    androidx.loader.content.Loader setCallback(androidx.lifecycle.LifecycleOwner,androidx.loader.app.LoaderManager$LoaderCallbacks)
    boolean isCallbackWaitingForData()
    public void onLoadComplete(androidx.loader.content.Loader,java.lang.Object)
androidx.core.provider.FontsContractCompat$FontRequestCallback$FontRequestFailReason
androidx.lifecycle.ComputableLiveData$1
androidx.drawerlayout.widget.DrawerLayout$1
androidx.browser.browseractions.BrowserActionsIntent$BrowserActionsItemId
com.google.android.gms.common.api.internal.zabf
com.google.android.gms.internal.common.zzl
androidx.core.app.NotificationCompat$Builder:
    private android.graphics.Bitmap reduceLargeIconSize(android.graphics.Bitmap)
    public androidx.core.app.NotificationCompat$Builder setShowWhen(boolean)
    public androidx.core.app.NotificationCompat$Builder setUsesChronometer(boolean)
    public androidx.core.app.NotificationCompat$Builder setChronometerCountDown(boolean)
    public androidx.core.app.NotificationCompat$Builder setSmallIcon(int,int)
    public androidx.core.app.NotificationCompat$Builder setSubText(java.lang.CharSequence)
    public androidx.core.app.NotificationCompat$Builder setRemoteInputHistory(java.lang.CharSequence[])
    public androidx.core.app.NotificationCompat$Builder setNumber(int)
    public androidx.core.app.NotificationCompat$Builder setContentInfo(java.lang.CharSequence)
    public androidx.core.app.NotificationCompat$Builder setProgress(int,int,boolean)
    public androidx.core.app.NotificationCompat$Builder setContent(android.widget.RemoteViews)
    public androidx.core.app.NotificationCompat$Builder setDeleteIntent(android.app.PendingIntent)
    public androidx.core.app.NotificationCompat$Builder setFullScreenIntent(android.app.PendingIntent,boolean)
    public androidx.core.app.NotificationCompat$Builder setTicker(java.lang.CharSequence,android.widget.RemoteViews)
    public androidx.core.app.NotificationCompat$Builder setLargeIcon(android.graphics.Bitmap)
    public androidx.core.app.NotificationCompat$Builder setSound(android.net.Uri)
androidx.core.net.ConnectivityManagerCompat$RestrictBackgroundStatus
com.google.android.gms.common.api.internal.SignInConnectionListener
com.google.android.gms.internal.location.zzaq
androidx.localbroadcastmanager.R
androidx.core.graphics.TypefaceCompatApi21Impl
androidx.versionedparcelable.VersionedParcelize
com.google.android.gms.location.R